#
# There is insufficient memory for the Java Runtime Environment to continue.
# Native memory allocation (mmap) failed to map 67108864 bytes for Failed to commit area from 0x00000000fc000000 to 0x0000000100000000 of length 67108864.
# Possible reasons:
#   The system is out of physical RAM or swap space
#   The process is running with CompressedOops enabled, and the Java Heap may be blocking the growth of the native heap
# Possible solutions:
#   Reduce memory load on the system
#   Increase physical memory or swap space
#   Check if swap backing store is full
#   Decrease Java heap size (-Xmx/-Xms)
#   Decrease number of Java threads
#   Decrease Java thread stack sizes (-Xss)
#   Set larger code cache with -XX:ReservedCodeCacheSize=
# This output file may be truncated or incomplete.
#
#  Out of Memory Error (t:/workspace/hotspot/src/os/windows/vm/os_windows.cpp:3357), pid=17192, tid=10700
#
# JRE version:  (9.0+11) (build )
# Java VM: Java HotSpot(TM) 64-Bit Server VM (9.0.4+11, mixed mode, tiered, compressed oops, g1 gc, windows-amd64)
# No core dump will be written. Minidumps are not enabled by default on client versions of Windows
#

---------------  S U M M A R Y ------------

Command Line: -Xmx64m -Xms64m -Dorg.gradle.appname=gradlew org.gradle.wrapper.GradleWrapperMain app:installDebug -PreactNativeDevServerPort=8081

Host: Intel(R) Core(TM) i5-6300U CPU @ 2.40GHz, 4 cores, 15G,  Windows 10 , 64 bit Build 18362 (10.0.18362.1082)
Time: Sun Jan 10 10:32:56 2021 E. Africa Standard Time elapsed time: 0 seconds (0d 0h 0m 0s)

---------------  T H R E A D  ---------------

Current thread (0x0000023eef71f000):  JavaThread "Unknown thread" [_thread_in_vm, id=10700, stack(0x000000d88af00000,0x000000d88b000000)]

Stack: [0x000000d88af00000,0x000000d88b000000]
Native frames: (J=compiled Java code, j=interpreted, Vv=VM code, C=native code)
V  [jvm.dll+0x587068]
V  [jvm.dll+0x69c25e]
V  [jvm.dll+0x69d17a]
V  [jvm.dll+0x69d7b3]
V  [jvm.dll+0x21d198]
V  [jvm.dll+0x584bb4]
V  [jvm.dll+0x57a095]
V  [jvm.dll+0x2cd67b]
V  [jvm.dll+0x2cd5e3]
V  [jvm.dll+0x2cd4b2]
V  [jvm.dll+0x2cf4b3]
V  [jvm.dll+0x3191e3]
V  [jvm.dll+0x3198f6]
V  [jvm.dll+0x3192e3]
V  [jvm.dll+0x2adeb8]
V  [jvm.dll+0x2af0e7]
V  [jvm.dll+0x67b34d]
V  [jvm.dll+0x67c70c]
V  [jvm.dll+0x3269c9]
V  [jvm.dll+0x66555e]
V  [jvm.dll+0x391811]
V  [jvm.dll+0x3937c1]
C  [java.exe+0x34f1]
C  [java.exe+0xe24f]
C  [java.exe+0xe3f6]
C  [KERNEL32.DLL+0x17bd4]
C  [ntdll.dll+0x6ce51]


---------------  P R O C E S S  ---------------

Java Threads: ( => current thread )

Other Threads:
  0x0000023eef736000 GCTaskThread "GC Thread#0" [stack: 0x000000d88b000000,0x000000d88b100000] [id=16496]
  0x0000023eef737800 GCTaskThread "GC Thread#1" [stack: 0x000000d88b100000,0x000000d88b200000] [id=11280]
  0x0000023eef739000 GCTaskThread "GC Thread#2" [stack: 0x000000d88b200000,0x000000d88b300000] [id=11540]
  0x0000023eef73c800 GCTaskThread "GC Thread#3" [stack: 0x000000d88b300000,0x000000d88b400000] [id=120]
  0x0000023eef761000 ConcurrentGCThread "G1 Main Marker" [stack: 0x000000d88b900000,0x000000d88ba00000] [id=5552]
  0x0000023eef764000 ConcurrentGCThread "G1 Marker#0" [stack: 0x000000d88ba00000,0x000000d88bb00000] [id=7732]
  0x0000023eef756000 ConcurrentGCThread "G1 Refine#0" [stack: 0x000000d88b700000,0x000000d88b800000] [id=16692]
  0x0000023eef74d800 ConcurrentGCThread "G1 Refine#1" [stack: 0x000000d88b600000,0x000000d88b700000] [id=5692]
  0x0000023eef748800 ConcurrentGCThread "G1 Refine#2" [stack: 0x000000d88b500000,0x000000d88b600000] [id=16284]
  0x0000023eef740000 ConcurrentGCThread "G1 Refine#3" [stack: 0x000000d88b400000,0x000000d88b500000] [id=11420]
  0x0000023eef757800 ConcurrentGCThread "G1 Young RemSet Sampling" [stack: 0x000000d88b800000,0x000000d88b900000] [id=14820]

=>0x0000023eef71f000 (exited) JavaThread "Unknown thread" [_thread_in_vm, id=10700, stack(0x000000d88af00000,0x000000d88b000000)]

Threads with active compile tasks:

VM state:not at safepoint (not fully initialized)

VM Mutex/Monitor currently owned by a thread:  ([mutex/lock_event])
[0x0000023eef71b270] Heap_lock - owner thread: 0x0000023eef71f000

Heap address: 0x00000000fc000000, size: 64 MB, Compressed Oops mode: Non-zero based: 0x00000000fc000000
Narrow klass base: 0x0000000000000000, Narrow klass shift: 0

GC Heap History (0 events):
No events

Deoptimization events (0 events):
No events

Classes redefined (0 events):
No events

Internal exceptions (0 events):
No events

Events (0 events):
No events


Dynamic libraries:
0x00007ff734a80000 - 0x00007ff734abe000 	C:\Program Files\Java\jdk-9.0.4\bin\java.exe
0x00007ff952f60000 - 0x00007ff953150000 	C:\Windows\SYSTEM32\ntdll.dll
0x00007ff952340000 - 0x00007ff9523f2000 	C:\Windows\System32\KERNEL32.DLL
0x00007ff94ff90000 - 0x00007ff950235000 	C:\Windows\System32\KERNELBASE.dll
0x00007ff952650000 - 0x00007ff9526f3000 	C:\Windows\System32\ADVAPI32.dll
0x00007ff951350000 - 0x00007ff9513ee000 	C:\Windows\System32\msvcrt.dll
0x00007ff9525b0000 - 0x00007ff952647000 	C:\Windows\System32\sechost.dll
0x00007ff952800000 - 0x00007ff952920000 	C:\Windows\System32\RPCRT4.dll
0x00007ff952410000 - 0x00007ff9525a5000 	C:\Windows\System32\USER32.dll
0x00007ff950fe0000 - 0x00007ff951001000 	C:\Windows\System32\win32u.dll
0x00007ff952700000 - 0x00007ff952726000 	C:\Windows\System32\GDI32.dll
0x00007ff950e40000 - 0x00007ff950fd6000 	C:\Windows\System32\gdi32full.dll
0x00007ff94fef0000 - 0x00007ff94ff8e000 	C:\Windows\System32\msvcp_win.dll
0x00007ff9502f0000 - 0x00007ff9503ea000 	C:\Windows\System32\ucrtbase.dll
0x00007ff935550000 - 0x00007ff9357d4000 	C:\Windows\WinSxS\amd64_microsoft.windows.common-controls_6595b64144ccf1df_6.0.18362.1082_none_9e8193e1e45b25c1\COMCTL32.dll
0x00007ff951c30000 - 0x00007ff951f65000 	C:\Windows\System32\combase.dll
0x00007ff9503f0000 - 0x00007ff950470000 	C:\Windows\System32\bcryptPrimitives.dll
0x00007ff94e920000 - 0x00007ff94e92a000 	C:\Windows\SYSTEM32\VERSION.dll
0x00007ff951320000 - 0x00007ff95134e000 	C:\Windows\System32\IMM32.DLL
0x00007ff90b850000 - 0x00007ff90b93f000 	C:\Program Files\Java\jdk-9.0.4\bin\msvcr120.dll
0x00007ff90b7a0000 - 0x00007ff90b846000 	C:\Program Files\Java\jdk-9.0.4\bin\msvcp120.dll
0x000000005b220000 - 0x000000005bc45000 	C:\Program Files\Java\jdk-9.0.4\bin\server\jvm.dll
0x00007ff952400000 - 0x00007ff952408000 	C:\Windows\System32\PSAPI.DLL
0x00007ff947bc0000 - 0x00007ff947bc9000 	C:\Windows\SYSTEM32\WSOCK32.dll
0x00007ff949370000 - 0x00007ff949394000 	C:\Windows\SYSTEM32\WINMM.dll
0x00007ff952e00000 - 0x00007ff952e6f000 	C:\Windows\System32\WS2_32.dll
0x00007ff949340000 - 0x00007ff94936d000 	C:\Windows\SYSTEM32\WINMMBASE.dll
0x00007ff9502a0000 - 0x00007ff9502ea000 	C:\Windows\System32\cfgmgr32.dll
0x00007ff92f0b0000 - 0x00007ff92f0bf000 	C:\Program Files\Java\jdk-9.0.4\bin\verify.dll
0x00007ff911710000 - 0x00007ff911737000 	C:\Program Files\Java\jdk-9.0.4\bin\java.dll
0x00007ff9123c0000 - 0x00007ff9123d6000 	C:\Program Files\Java\jdk-9.0.4\bin\zip.dll
0x00007ff92d8b0000 - 0x00007ff92d8ba000 	C:\Program Files\Java\jdk-9.0.4\bin\jimage.dll
0x00007ff94dbc0000 - 0x00007ff94ddb4000 	C:\Windows\SYSTEM32\dbghelp.dll

VM Arguments:
jvm_args: -Xmx64m -Xms64m -Dorg.gradle.appname=gradlew 
java_command: org.gradle.wrapper.GradleWrapperMain app:installDebug -PreactNativeDevServerPort=8081
java_class_path (initial): D:\Projects\Webapp\Work\gegis\muriithi\crime-map\android\\gradle\wrapper\gradle-wrapper.jar
Launcher Type: SUN_STANDARD

Logging:
Log output configuration:
#0: stdout all=warning uptime,level,tags
#1: stderr all=off uptime,level,tags

Environment Variables:
JAVA_HOME=C:\Program Files\Java\jdk-9.0.4
CLASSPATH=D:\Projects\Webapp\Work\gegis\muriithi\crime-map\android\\gradle\wrapper\gradle-wrapper.jar
PATH=D:\Projects\Webapp\Work\gegis\muriithi\crime-map\android\node_modules\.bin;D:\Projects\Webapp\Work\gegis\muriithi\crime-map\node_modules\.bin;D:\Projects\Webapp\Work\gegis\muriithi\node_modules\.bin;D:\Projects\Webapp\Work\gegis\node_modules\.bin;D:\Projects\Webapp\Work\node_modules\.bin;D:\Projects\Webapp\node_modules\.bin;D:\Projects\node_modules\.bin;D:\node_modules\.bin;C:\Program Files\nodejs;C:\Users\David\AppData\Roaming\npm\node_modules\npm\node_modules\npm-lifecycle\node-gyp-bin;D:\Projects\Webapp\Work\gegis\muriithi\crime-map\node_modules\.bin;C:\ProgramData\Oracle\Java\javapath;C:\Windows\system32;C:\Windows;C:\Windows\System32\Wbem;C:\Windows\System32\WindowsPowerShell\v1.0\;C:\Windows\System32\OpenSSH\;C:\Program Files\Git\cmd;C:\Program Files\nodejs\;C:\Program Files\Microsoft VS Code\bin;C:\Windows\System32;C:\OSGeo4W64\bin;C:\Program Files\PostgreSQL\12\bin;C:\Users\David\AppData\Local\Programs\Python\Python38\Scripts\;C:\Users\David\AppData\Local\Programs\Python\Python38\;C:\Users\David\AppData\Local\Microsoft\WindowsApps;C:\Users\David\AppData\Roaming\npm;C:\Program Files\JetBrains\PyCharm Community Edition 2020.1.2\bin;C:\Users\David\AppData\Local\Android\Sdk\platform-tools
USERNAME=David
OS=Windows_NT
PROCESSOR_IDENTIFIER=Intel64 Family 6 Model 78 Stepping 3, GenuineIntel



---------------  S Y S T E M  ---------------

OS: Windows 10 , 64 bit Build 18362 (10.0.18362.1082)

CPU:total 4 (initial active 4) (2 cores per cpu, 2 threads per core) family 6 model 78 stepping 3, cmov, cx8, fxsr, mmx, sse, sse2, sse3, ssse3, sse4.1, sse4.2, popcnt, avx, avx2, aes, clmul, erms, rtm, 3dnowpref, lzcnt, ht, tsc, tscinvbit, bmi1, bmi2, adx, fma

Memory: 4k page, physical 16654948k(2844612k free), swap 47829600k(7052k free)

vm_info: Java HotSpot(TM) 64-Bit Server VM (9.0.4+11) for windows-amd64 JRE (9.0.4+11), built on Dec 20 2017 02:18:54 by "mach5one" with MS VC++ 12.0 (VS2013)

END.
